The system is: Darwin - 18.2.0 - x86_64
Compiling the C compiler identification source file "CMakeCCompilerId.c" succeeded.
Compiler: /Applications/Xcode.app/Contents/Developer/Toolchains/XcodeDefault.xctoolchain/usr/bin/cc 
Build flags: 
Id flags:  

The output was:
0


Compilation of the C compiler identification source "CMakeCCompilerId.c" produced "a.out"

The C compiler identification is AppleClang, found in "/Users/benfernando/Desktop/fluid-bc/full-actual-fluid/master/increased-time-precision/CMakeFiles/3.8.2/CompilerIdC/a.out"

Compiling the CXX compiler identification source file "CMakeCXXCompilerId.cpp" succeeded.
Compiler: /Applications/Xcode.app/Contents/Developer/Toolchains/XcodeDefault.xctoolchain/usr/bin/c++ 
Build flags: 
Id flags:  

The output was:
0


Compilation of the CXX compiler identification source "CMakeCXXCompilerId.cpp" produced "a.out"

The CXX compiler identification is AppleClang, found in "/Users/benfernando/Desktop/fluid-bc/full-actual-fluid/master/increased-time-precision/CMakeFiles/3.8.2/CompilerIdCXX/a.out"

Determining if the C compiler works passed with the following output:
Change Dir: /Users/benfernando/Desktop/fluid-bc/full-actual-fluid/master/increased-time-precision/CMakeFiles/CMakeTmp

Run Build Command:"/usr/bin/make" "cmTC_63419/fast"
/Applications/Xcode.app/Contents/Developer/usr/bin/make -f CMakeFiles/cmTC_63419.dir/build.make CMakeFiles/cmTC_63419.dir/build
Building C object CMakeFiles/cmTC_63419.dir/testCCompiler.c.o
/Applications/Xcode.app/Contents/Developer/Toolchains/XcodeDefault.xctoolchain/usr/bin/cc   -isysroot /Applications/Xcode.app/Contents/Developer/Platforms/MacOSX.platform/Developer/SDKs/MacOSX10.14.sdk   -o CMakeFiles/cmTC_63419.dir/testCCompiler.c.o   -c /Users/benfernando/Desktop/fluid-bc/full-actual-fluid/master/increased-time-precision/CMakeFiles/CMakeTmp/testCCompiler.c
Linking C executable cmTC_63419
/usr/local/Cellar/cmake/3.8.2/bin/cmake -E cmake_link_script CMakeFiles/cmTC_63419.dir/link.txt --verbose=1
/Applications/Xcode.app/Contents/Developer/Toolchains/XcodeDefault.xctoolchain/usr/bin/cc   -isysroot /Applications/Xcode.app/Contents/Developer/Platforms/MacOSX.platform/Developer/SDKs/MacOSX10.14.sdk -Wl,-search_paths_first -Wl,-headerpad_max_install_names   CMakeFiles/cmTC_63419.dir/testCCompiler.c.o  -o cmTC_63419 


Detecting C compiler ABI info compiled with the following output:
Change Dir: /Users/benfernando/Desktop/fluid-bc/full-actual-fluid/master/increased-time-precision/CMakeFiles/CMakeTmp

Run Build Command:"/usr/bin/make" "cmTC_4911d/fast"
/Applications/Xcode.app/Contents/Developer/usr/bin/make -f CMakeFiles/cmTC_4911d.dir/build.make CMakeFiles/cmTC_4911d.dir/build
Building C object CMakeFiles/cmTC_4911d.dir/CMakeCCompilerABI.c.o
/Applications/Xcode.app/Contents/Developer/Toolchains/XcodeDefault.xctoolchain/usr/bin/cc   -isysroot /Applications/Xcode.app/Contents/Developer/Platforms/MacOSX.platform/Developer/SDKs/MacOSX10.14.sdk   -o CMakeFiles/cmTC_4911d.dir/CMakeCCompilerABI.c.o   -c /usr/local/Cellar/cmake/3.8.2/share/cmake/Modules/CMakeCCompilerABI.c
Linking C executable cmTC_4911d
/usr/local/Cellar/cmake/3.8.2/bin/cmake -E cmake_link_script CMakeFiles/cmTC_4911d.dir/link.txt --verbose=1
/Applications/Xcode.app/Contents/Developer/Toolchains/XcodeDefault.xctoolchain/usr/bin/cc   -isysroot /Applications/Xcode.app/Contents/Developer/Platforms/MacOSX.platform/Developer/SDKs/MacOSX10.14.sdk -Wl,-search_paths_first -Wl,-headerpad_max_install_names  -v -Wl,-v CMakeFiles/cmTC_4911d.dir/CMakeCCompilerABI.c.o  -o cmTC_4911d 
Apple LLVM version 10.0.0 (clang-1000.11.45.5)
Target: x86_64-apple-darwin18.2.0
Thread model: posix
InstalledDir: /Applications/Xcode.app/Contents/Developer/Toolchains/XcodeDefault.xctoolchain/usr/bin
 "/Applications/Xcode.app/Contents/Developer/Toolchains/XcodeDefault.xctoolchain/usr/bin/ld" -demangle -lto_library /Applications/Xcode.app/Contents/Developer/Toolchains/XcodeDefault.xctoolchain/usr/lib/libLTO.dylib -dynamic -arch x86_64 -macosx_version_min 10.14.0 -syslibroot /Applications/Xcode.app/Contents/Developer/Platforms/MacOSX.platform/Developer/SDKs/MacOSX10.14.sdk -o cmTC_4911d -search_paths_first -headerpad_max_install_names -v CMakeFiles/cmTC_4911d.dir/CMakeCCompilerABI.c.o -lSystem /Applications/Xcode.app/Contents/Developer/Toolchains/XcodeDefault.xctoolchain/usr/lib/clang/10.0.0/lib/darwin/libclang_rt.osx.a
@(#)PROGRAM:ld  PROJECT:ld64-409.12
BUILD 17:47:51 Sep 25 2018
configured to support archs: armv6 armv7 armv7s arm64 i386 x86_64 x86_64h armv6m armv7k armv7m armv7em arm64e arm64_32
Library search paths:
	/Applications/Xcode.app/Contents/Developer/Platforms/MacOSX.platform/Developer/SDKs/MacOSX10.14.sdk/usr/lib
Framework search paths:
	/Applications/Xcode.app/Contents/Developer/Platforms/MacOSX.platform/Developer/SDKs/MacOSX10.14.sdk/System/Library/Frameworks/


Parsed C implicit link information from above output:
  link line regex: [^( *|.*[/\])(ld|([^/\]+-)?ld|collect2)[^/\]*( |$)]
  ignore line: [Change Dir: /Users/benfernando/Desktop/fluid-bc/full-actual-fluid/master/increased-time-precision/CMakeFiles/CMakeTmp]
  ignore line: []
  ignore line: [Run Build Command:"/usr/bin/make" "cmTC_4911d/fast"]
  ignore line: [/Applications/Xcode.app/Contents/Developer/usr/bin/make -f CMakeFiles/cmTC_4911d.dir/build.make CMakeFiles/cmTC_4911d.dir/build]
  ignore line: [Building C object CMakeFiles/cmTC_4911d.dir/CMakeCCompilerABI.c.o]
  ignore line: [/Applications/Xcode.app/Contents/Developer/Toolchains/XcodeDefault.xctoolchain/usr/bin/cc   -isysroot /Applications/Xcode.app/Contents/Developer/Platforms/MacOSX.platform/Developer/SDKs/MacOSX10.14.sdk   -o CMakeFiles/cmTC_4911d.dir/CMakeCCompilerABI.c.o   -c /usr/local/Cellar/cmake/3.8.2/share/cmake/Modules/CMakeCCompilerABI.c]
  ignore line: [Linking C executable cmTC_4911d]
  ignore line: [/usr/local/Cellar/cmake/3.8.2/bin/cmake -E cmake_link_script CMakeFiles/cmTC_4911d.dir/link.txt --verbose=1]
  ignore line: [/Applications/Xcode.app/Contents/Developer/Toolchains/XcodeDefault.xctoolchain/usr/bin/cc   -isysroot /Applications/Xcode.app/Contents/Developer/Platforms/MacOSX.platform/Developer/SDKs/MacOSX10.14.sdk -Wl,-search_paths_first -Wl,-headerpad_max_install_names  -v -Wl,-v CMakeFiles/cmTC_4911d.dir/CMakeCCompilerABI.c.o  -o cmTC_4911d ]
  ignore line: [Apple LLVM version 10.0.0 (clang-1000.11.45.5)]
  ignore line: [Target: x86_64-apple-darwin18.2.0]
  ignore line: [Thread model: posix]
  ignore line: [InstalledDir: /Applications/Xcode.app/Contents/Developer/Toolchains/XcodeDefault.xctoolchain/usr/bin]
  link line: [ "/Applications/Xcode.app/Contents/Developer/Toolchains/XcodeDefault.xctoolchain/usr/bin/ld" -demangle -lto_library /Applications/Xcode.app/Contents/Developer/Toolchains/XcodeDefault.xctoolchain/usr/lib/libLTO.dylib -dynamic -arch x86_64 -macosx_version_min 10.14.0 -syslibroot /Applications/Xcode.app/Contents/Developer/Platforms/MacOSX.platform/Developer/SDKs/MacOSX10.14.sdk -o cmTC_4911d -search_paths_first -headerpad_max_install_names -v CMakeFiles/cmTC_4911d.dir/CMakeCCompilerABI.c.o -lSystem /Applications/Xcode.app/Contents/Developer/Toolchains/XcodeDefault.xctoolchain/usr/lib/clang/10.0.0/lib/darwin/libclang_rt.osx.a]
    arg [/Applications/Xcode.app/Contents/Developer/Toolchains/XcodeDefault.xctoolchain/usr/bin/ld] ==> ignore
    arg [-demangle] ==> ignore
    arg [-lto_library] ==> ignore, skip following value
    arg [/Applications/Xcode.app/Contents/Developer/Toolchains/XcodeDefault.xctoolchain/usr/lib/libLTO.dylib] ==> skip value of -lto_library
    arg [-dynamic] ==> ignore
    arg [-arch] ==> ignore
    arg [x86_64] ==> ignore
    arg [-macosx_version_min] ==> ignore
    arg [10.14.0] ==> ignore
    arg [-syslibroot] ==> ignore
    arg [/Applications/Xcode.app/Contents/Developer/Platforms/MacOSX.platform/Developer/SDKs/MacOSX10.14.sdk] ==> ignore
    arg [-o] ==> ignore
    arg [cmTC_4911d] ==> ignore
    arg [-search_paths_first] ==> ignore
    arg [-headerpad_max_install_names] ==> ignore
    arg [-v] ==> ignore
    arg [CMakeFiles/cmTC_4911d.dir/CMakeCCompilerABI.c.o] ==> ignore
    arg [-lSystem] ==> lib [System]
    arg [/Applications/Xcode.app/Contents/Developer/Toolchains/XcodeDefault.xctoolchain/usr/lib/clang/10.0.0/lib/darwin/libclang_rt.osx.a] ==> lib [/Applications/Xcode.app/Contents/Developer/Toolchains/XcodeDefault.xctoolchain/usr/lib/clang/10.0.0/lib/darwin/libclang_rt.osx.a]
  Library search paths: [;/Applications/Xcode.app/Contents/Developer/Platforms/MacOSX.platform/Developer/SDKs/MacOSX10.14.sdk/usr/lib]
  Framework search paths: [;/Applications/Xcode.app/Contents/Developer/Platforms/MacOSX.platform/Developer/SDKs/MacOSX10.14.sdk/System/Library/Frameworks/]
  remove lib [System]
  remove lib [/Applications/Xcode.app/Contents/Developer/Toolchains/XcodeDefault.xctoolchain/usr/lib/clang/10.0.0/lib/darwin/libclang_rt.osx.a]
  collapse library dir [/Applications/Xcode.app/Contents/Developer/Platforms/MacOSX.platform/Developer/SDKs/MacOSX10.14.sdk/usr/lib] ==> [/Applications/Xcode.app/Contents/Developer/Platforms/MacOSX.platform/Developer/SDKs/MacOSX10.14.sdk/usr/lib]
  collapse framework dir [/Applications/Xcode.app/Contents/Developer/Platforms/MacOSX.platform/Developer/SDKs/MacOSX10.14.sdk/System/Library/Frameworks/] ==> [/Applications/Xcode.app/Contents/Developer/Platforms/MacOSX.platform/Developer/SDKs/MacOSX10.14.sdk/System/Library/Frameworks]
  implicit libs: []
  implicit dirs: [/Applications/Xcode.app/Contents/Developer/Platforms/MacOSX.platform/Developer/SDKs/MacOSX10.14.sdk/usr/lib]
  implicit fwks: [/Applications/Xcode.app/Contents/Developer/Platforms/MacOSX.platform/Developer/SDKs/MacOSX10.14.sdk/System/Library/Frameworks]




Detecting C [-std=c11] compiler features compiled with the following output:
Change Dir: /Users/benfernando/Desktop/fluid-bc/full-actual-fluid/master/increased-time-precision/CMakeFiles/CMakeTmp

Run Build Command:"/usr/bin/make" "cmTC_2e434/fast"
/Applications/Xcode.app/Contents/Developer/usr/bin/make -f CMakeFiles/cmTC_2e434.dir/build.make CMakeFiles/cmTC_2e434.dir/build
Building C object CMakeFiles/cmTC_2e434.dir/feature_tests.c.o
/Applications/Xcode.app/Contents/Developer/Toolchains/XcodeDefault.xctoolchain/usr/bin/cc   -isysroot /Applications/Xcode.app/Contents/Developer/Platforms/MacOSX.platform/Developer/SDKs/MacOSX10.14.sdk   -std=c11 -o CMakeFiles/cmTC_2e434.dir/feature_tests.c.o   -c /Users/benfernando/Desktop/fluid-bc/full-actual-fluid/master/increased-time-precision/CMakeFiles/feature_tests.c
Linking C executable cmTC_2e434
/usr/local/Cellar/cmake/3.8.2/bin/cmake -E cmake_link_script CMakeFiles/cmTC_2e434.dir/link.txt --verbose=1
/Applications/Xcode.app/Contents/Developer/Toolchains/XcodeDefault.xctoolchain/usr/bin/cc   -isysroot /Applications/Xcode.app/Contents/Developer/Platforms/MacOSX.platform/Developer/SDKs/MacOSX10.14.sdk -Wl,-search_paths_first -Wl,-headerpad_max_install_names   CMakeFiles/cmTC_2e434.dir/feature_tests.c.o  -o cmTC_2e434 


    Feature record: C_FEATURE:1c_function_prototypes
    Feature record: C_FEATURE:1c_restrict
    Feature record: C_FEATURE:1c_static_assert
    Feature record: C_FEATURE:1c_variadic_macros


Detecting C [-std=c99] compiler features compiled with the following output:
Change Dir: /Users/benfernando/Desktop/fluid-bc/full-actual-fluid/master/increased-time-precision/CMakeFiles/CMakeTmp

Run Build Command:"/usr/bin/make" "cmTC_87730/fast"
/Applications/Xcode.app/Contents/Developer/usr/bin/make -f CMakeFiles/cmTC_87730.dir/build.make CMakeFiles/cmTC_87730.dir/build
Building C object CMakeFiles/cmTC_87730.dir/feature_tests.c.o
/Applications/Xcode.app/Contents/Developer/Toolchains/XcodeDefault.xctoolchain/usr/bin/cc   -isysroot /Applications/Xcode.app/Contents/Developer/Platforms/MacOSX.platform/Developer/SDKs/MacOSX10.14.sdk   -std=c99 -o CMakeFiles/cmTC_87730.dir/feature_tests.c.o   -c /Users/benfernando/Desktop/fluid-bc/full-actual-fluid/master/increased-time-precision/CMakeFiles/feature_tests.c
Linking C executable cmTC_87730
/usr/local/Cellar/cmake/3.8.2/bin/cmake -E cmake_link_script CMakeFiles/cmTC_87730.dir/link.txt --verbose=1
/Applications/Xcode.app/Contents/Developer/Toolchains/XcodeDefault.xctoolchain/usr/bin/cc   -isysroot /Applications/Xcode.app/Contents/Developer/Platforms/MacOSX.platform/Developer/SDKs/MacOSX10.14.sdk -Wl,-search_paths_first -Wl,-headerpad_max_install_names   CMakeFiles/cmTC_87730.dir/feature_tests.c.o  -o cmTC_87730 


    Feature record: C_FEATURE:1c_function_prototypes
    Feature record: C_FEATURE:1c_restrict
    Feature record: C_FEATURE:0c_static_assert
    Feature record: C_FEATURE:1c_variadic_macros


Detecting C [-std=c90] compiler features compiled with the following output:
Change Dir: /Users/benfernando/Desktop/fluid-bc/full-actual-fluid/master/increased-time-precision/CMakeFiles/CMakeTmp

Run Build Command:"/usr/bin/make" "cmTC_31eb8/fast"
/Applications/Xcode.app/Contents/Developer/usr/bin/make -f CMakeFiles/cmTC_31eb8.dir/build.make CMakeFiles/cmTC_31eb8.dir/build
Building C object CMakeFiles/cmTC_31eb8.dir/feature_tests.c.o
/Applications/Xcode.app/Contents/Developer/Toolchains/XcodeDefault.xctoolchain/usr/bin/cc   -isysroot /Applications/Xcode.app/Contents/Developer/Platforms/MacOSX.platform/Developer/SDKs/MacOSX10.14.sdk   -std=c90 -o CMakeFiles/cmTC_31eb8.dir/feature_tests.c.o   -c /Users/benfernando/Desktop/fluid-bc/full-actual-fluid/master/increased-time-precision/CMakeFiles/feature_tests.c
Linking C executable cmTC_31eb8
/usr/local/Cellar/cmake/3.8.2/bin/cmake -E cmake_link_script CMakeFiles/cmTC_31eb8.dir/link.txt --verbose=1
/Applications/Xcode.app/Contents/Developer/Toolchains/XcodeDefault.xctoolchain/usr/bin/cc   -isysroot /Applications/Xcode.app/Contents/Developer/Platforms/MacOSX.platform/Developer/SDKs/MacOSX10.14.sdk -Wl,-search_paths_first -Wl,-headerpad_max_install_names   CMakeFiles/cmTC_31eb8.dir/feature_tests.c.o  -o cmTC_31eb8 


    Feature record: C_FEATURE:1c_function_prototypes
    Feature record: C_FEATURE:0c_restrict
    Feature record: C_FEATURE:0c_static_assert
    Feature record: C_FEATURE:0c_variadic_macros
Determining if the CXX compiler works passed with the following output:
Change Dir: /Users/benfernando/Desktop/fluid-bc/full-actual-fluid/master/increased-time-precision/CMakeFiles/CMakeTmp

Run Build Command:"/usr/bin/make" "cmTC_1c7ba/fast"
/Applications/Xcode.app/Contents/Developer/usr/bin/make -f CMakeFiles/cmTC_1c7ba.dir/build.make CMakeFiles/cmTC_1c7ba.dir/build
Building CXX object CMakeFiles/cmTC_1c7ba.dir/testCXXCompiler.cxx.o
/Applications/Xcode.app/Contents/Developer/Toolchains/XcodeDefault.xctoolchain/usr/bin/c++    -isysroot /Applications/Xcode.app/Contents/Developer/Platforms/MacOSX.platform/Developer/SDKs/MacOSX10.14.sdk   -o CMakeFiles/cmTC_1c7ba.dir/testCXXCompiler.cxx.o -c /Users/benfernando/Desktop/fluid-bc/full-actual-fluid/master/increased-time-precision/CMakeFiles/CMakeTmp/testCXXCompiler.cxx
Linking CXX executable cmTC_1c7ba
/usr/local/Cellar/cmake/3.8.2/bin/cmake -E cmake_link_script CMakeFiles/cmTC_1c7ba.dir/link.txt --verbose=1
/Applications/Xcode.app/Contents/Developer/Toolchains/XcodeDefault.xctoolchain/usr/bin/c++    -isysroot /Applications/Xcode.app/Contents/Developer/Platforms/MacOSX.platform/Developer/SDKs/MacOSX10.14.sdk -Wl,-search_paths_first -Wl,-headerpad_max_install_names   CMakeFiles/cmTC_1c7ba.dir/testCXXCompiler.cxx.o  -o cmTC_1c7ba 


Detecting CXX compiler ABI info compiled with the following output:
Change Dir: /Users/benfernando/Desktop/fluid-bc/full-actual-fluid/master/increased-time-precision/CMakeFiles/CMakeTmp

Run Build Command:"/usr/bin/make" "cmTC_4eedb/fast"
/Applications/Xcode.app/Contents/Developer/usr/bin/make -f CMakeFiles/cmTC_4eedb.dir/build.make CMakeFiles/cmTC_4eedb.dir/build
Building CXX object CMakeFiles/cmTC_4eedb.dir/CMakeCXXCompilerABI.cpp.o
/Applications/Xcode.app/Contents/Developer/Toolchains/XcodeDefault.xctoolchain/usr/bin/c++    -isysroot /Applications/Xcode.app/Contents/Developer/Platforms/MacOSX.platform/Developer/SDKs/MacOSX10.14.sdk   -o CMakeFiles/cmTC_4eedb.dir/CMakeCXXCompilerABI.cpp.o -c /usr/local/Cellar/cmake/3.8.2/share/cmake/Modules/CMakeCXXCompilerABI.cpp
Linking CXX executable cmTC_4eedb
/usr/local/Cellar/cmake/3.8.2/bin/cmake -E cmake_link_script CMakeFiles/cmTC_4eedb.dir/link.txt --verbose=1
/Applications/Xcode.app/Contents/Developer/Toolchains/XcodeDefault.xctoolchain/usr/bin/c++    -isysroot /Applications/Xcode.app/Contents/Developer/Platforms/MacOSX.platform/Developer/SDKs/MacOSX10.14.sdk -Wl,-search_paths_first -Wl,-headerpad_max_install_names  -v -Wl,-v CMakeFiles/cmTC_4eedb.dir/CMakeCXXCompilerABI.cpp.o  -o cmTC_4eedb 
Apple LLVM version 10.0.0 (clang-1000.11.45.5)
Target: x86_64-apple-darwin18.2.0
Thread model: posix
InstalledDir: /Applications/Xcode.app/Contents/Developer/Toolchains/XcodeDefault.xctoolchain/usr/bin
 "/Applications/Xcode.app/Contents/Developer/Toolchains/XcodeDefault.xctoolchain/usr/bin/ld" -demangle -lto_library /Applications/Xcode.app/Contents/Developer/Toolchains/XcodeDefault.xctoolchain/usr/lib/libLTO.dylib -dynamic -arch x86_64 -macosx_version_min 10.14.0 -syslibroot /Applications/Xcode.app/Contents/Developer/Platforms/MacOSX.platform/Developer/SDKs/MacOSX10.14.sdk -o cmTC_4eedb -search_paths_first -headerpad_max_install_names -v CMakeFiles/cmTC_4eedb.dir/CMakeCXXCompilerABI.cpp.o -lc++ -lSystem /Applications/Xcode.app/Contents/Developer/Toolchains/XcodeDefault.xctoolchain/usr/lib/clang/10.0.0/lib/darwin/libclang_rt.osx.a
@(#)PROGRAM:ld  PROJECT:ld64-409.12
BUILD 17:47:51 Sep 25 2018
configured to support archs: armv6 armv7 armv7s arm64 i386 x86_64 x86_64h armv6m armv7k armv7m armv7em arm64e arm64_32
Library search paths:
	/Applications/Xcode.app/Contents/Developer/Platforms/MacOSX.platform/Developer/SDKs/MacOSX10.14.sdk/usr/lib
Framework search paths:
	/Applications/Xcode.app/Contents/Developer/Platforms/MacOSX.platform/Developer/SDKs/MacOSX10.14.sdk/System/Library/Frameworks/


Parsed CXX implicit link information from above output:
  link line regex: [^( *|.*[/\])(ld|([^/\]+-)?ld|collect2)[^/\]*( |$)]
  ignore line: [Change Dir: /Users/benfernando/Desktop/fluid-bc/full-actual-fluid/master/increased-time-precision/CMakeFiles/CMakeTmp]
  ignore line: []
  ignore line: [Run Build Command:"/usr/bin/make" "cmTC_4eedb/fast"]
  ignore line: [/Applications/Xcode.app/Contents/Developer/usr/bin/make -f CMakeFiles/cmTC_4eedb.dir/build.make CMakeFiles/cmTC_4eedb.dir/build]
  ignore line: [Building CXX object CMakeFiles/cmTC_4eedb.dir/CMakeCXXCompilerABI.cpp.o]
  ignore line: [/Applications/Xcode.app/Contents/Developer/Toolchains/XcodeDefault.xctoolchain/usr/bin/c++    -isysroot /Applications/Xcode.app/Contents/Developer/Platforms/MacOSX.platform/Developer/SDKs/MacOSX10.14.sdk   -o CMakeFiles/cmTC_4eedb.dir/CMakeCXXCompilerABI.cpp.o -c /usr/local/Cellar/cmake/3.8.2/share/cmake/Modules/CMakeCXXCompilerABI.cpp]
  ignore line: [Linking CXX executable cmTC_4eedb]
  ignore line: [/usr/local/Cellar/cmake/3.8.2/bin/cmake -E cmake_link_script CMakeFiles/cmTC_4eedb.dir/link.txt --verbose=1]
  ignore line: [/Applications/Xcode.app/Contents/Developer/Toolchains/XcodeDefault.xctoolchain/usr/bin/c++    -isysroot /Applications/Xcode.app/Contents/Developer/Platforms/MacOSX.platform/Developer/SDKs/MacOSX10.14.sdk -Wl,-search_paths_first -Wl,-headerpad_max_install_names  -v -Wl,-v CMakeFiles/cmTC_4eedb.dir/CMakeCXXCompilerABI.cpp.o  -o cmTC_4eedb ]
  ignore line: [Apple LLVM version 10.0.0 (clang-1000.11.45.5)]
  ignore line: [Target: x86_64-apple-darwin18.2.0]
  ignore line: [Thread model: posix]
  ignore line: [InstalledDir: /Applications/Xcode.app/Contents/Developer/Toolchains/XcodeDefault.xctoolchain/usr/bin]
  link line: [ "/Applications/Xcode.app/Contents/Developer/Toolchains/XcodeDefault.xctoolchain/usr/bin/ld" -demangle -lto_library /Applications/Xcode.app/Contents/Developer/Toolchains/XcodeDefault.xctoolchain/usr/lib/libLTO.dylib -dynamic -arch x86_64 -macosx_version_min 10.14.0 -syslibroot /Applications/Xcode.app/Contents/Developer/Platforms/MacOSX.platform/Developer/SDKs/MacOSX10.14.sdk -o cmTC_4eedb -search_paths_first -headerpad_max_install_names -v CMakeFiles/cmTC_4eedb.dir/CMakeCXXCompilerABI.cpp.o -lc++ -lSystem /Applications/Xcode.app/Contents/Developer/Toolchains/XcodeDefault.xctoolchain/usr/lib/clang/10.0.0/lib/darwin/libclang_rt.osx.a]
    arg [/Applications/Xcode.app/Contents/Developer/Toolchains/XcodeDefault.xctoolchain/usr/bin/ld] ==> ignore
    arg [-demangle] ==> ignore
    arg [-lto_library] ==> ignore, skip following value
    arg [/Applications/Xcode.app/Contents/Developer/Toolchains/XcodeDefault.xctoolchain/usr/lib/libLTO.dylib] ==> skip value of -lto_library
    arg [-dynamic] ==> ignore
    arg [-arch] ==> ignore
    arg [x86_64] ==> ignore
    arg [-macosx_version_min] ==> ignore
    arg [10.14.0] ==> ignore
    arg [-syslibroot] ==> ignore
    arg [/Applications/Xcode.app/Contents/Developer/Platforms/MacOSX.platform/Developer/SDKs/MacOSX10.14.sdk] ==> ignore
    arg [-o] ==> ignore
    arg [cmTC_4eedb] ==> ignore
    arg [-search_paths_first] ==> ignore
    arg [-headerpad_max_install_names] ==> ignore
    arg [-v] ==> ignore
    arg [CMakeFiles/cmTC_4eedb.dir/CMakeCXXCompilerABI.cpp.o] ==> ignore
    arg [-lc++] ==> lib [c++]
    arg [-lSystem] ==> lib [System]
    arg [/Applications/Xcode.app/Contents/Developer/Toolchains/XcodeDefault.xctoolchain/usr/lib/clang/10.0.0/lib/darwin/libclang_rt.osx.a] ==> lib [/Applications/Xcode.app/Contents/Developer/Toolchains/XcodeDefault.xctoolchain/usr/lib/clang/10.0.0/lib/darwin/libclang_rt.osx.a]
  Library search paths: [;/Applications/Xcode.app/Contents/Developer/Platforms/MacOSX.platform/Developer/SDKs/MacOSX10.14.sdk/usr/lib]
  Framework search paths: [;/Applications/Xcode.app/Contents/Developer/Platforms/MacOSX.platform/Developer/SDKs/MacOSX10.14.sdk/System/Library/Frameworks/]
  remove lib [System]
  remove lib [/Applications/Xcode.app/Contents/Developer/Toolchains/XcodeDefault.xctoolchain/usr/lib/clang/10.0.0/lib/darwin/libclang_rt.osx.a]
  collapse library dir [/Applications/Xcode.app/Contents/Developer/Platforms/MacOSX.platform/Developer/SDKs/MacOSX10.14.sdk/usr/lib] ==> [/Applications/Xcode.app/Contents/Developer/Platforms/MacOSX.platform/Developer/SDKs/MacOSX10.14.sdk/usr/lib]
  collapse framework dir [/Applications/Xcode.app/Contents/Developer/Platforms/MacOSX.platform/Developer/SDKs/MacOSX10.14.sdk/System/Library/Frameworks/] ==> [/Applications/Xcode.app/Contents/Developer/Platforms/MacOSX.platform/Developer/SDKs/MacOSX10.14.sdk/System/Library/Frameworks]
  implicit libs: [c++]
  implicit dirs: [/Applications/Xcode.app/Contents/Developer/Platforms/MacOSX.platform/Developer/SDKs/MacOSX10.14.sdk/usr/lib]
  implicit fwks: [/Applications/Xcode.app/Contents/Developer/Platforms/MacOSX.platform/Developer/SDKs/MacOSX10.14.sdk/System/Library/Frameworks]




Detecting CXX [-std=c++1z] compiler features compiled with the following output:
Change Dir: /Users/benfernando/Desktop/fluid-bc/full-actual-fluid/master/increased-time-precision/CMakeFiles/CMakeTmp

Run Build Command:"/usr/bin/make" "cmTC_5a6ee/fast"
/Applications/Xcode.app/Contents/Developer/usr/bin/make -f CMakeFiles/cmTC_5a6ee.dir/build.make CMakeFiles/cmTC_5a6ee.dir/build
Building CXX object CMakeFiles/cmTC_5a6ee.dir/feature_tests.cxx.o
/Applications/Xcode.app/Contents/Developer/Toolchains/XcodeDefault.xctoolchain/usr/bin/c++    -isysroot /Applications/Xcode.app/Contents/Developer/Platforms/MacOSX.platform/Developer/SDKs/MacOSX10.14.sdk   -std=c++1z -o CMakeFiles/cmTC_5a6ee.dir/feature_tests.cxx.o -c /Users/benfernando/Desktop/fluid-bc/full-actual-fluid/master/increased-time-precision/CMakeFiles/feature_tests.cxx
Linking CXX executable cmTC_5a6ee
/usr/local/Cellar/cmake/3.8.2/bin/cmake -E cmake_link_script CMakeFiles/cmTC_5a6ee.dir/link.txt --verbose=1
/Applications/Xcode.app/Contents/Developer/Toolchains/XcodeDefault.xctoolchain/usr/bin/c++    -isysroot /Applications/Xcode.app/Contents/Developer/Platforms/MacOSX.platform/Developer/SDKs/MacOSX10.14.sdk -Wl,-search_paths_first -Wl,-headerpad_max_install_names   CMakeFiles/cmTC_5a6ee.dir/feature_tests.cxx.o  -o cmTC_5a6ee 


    Feature record: CXX_FEATURE:1cxx_aggregate_default_initializers
    Feature record: CXX_FEATURE:1cxx_alias_templates
    Feature record: CXX_FEATURE:1cxx_alignas
    Feature record: CXX_FEATURE:1cxx_alignof
    Feature record: CXX_FEATURE:1cxx_attributes
    Feature record: CXX_FEATURE:1cxx_attribute_deprecated
    Feature record: CXX_FEATURE:1cxx_auto_type
    Feature record: CXX_FEATURE:1cxx_binary_literals
    Feature record: CXX_FEATURE:1cxx_constexpr
    Feature record: CXX_FEATURE:1cxx_contextual_conversions
    Feature record: CXX_FEATURE:1cxx_decltype
    Feature record: CXX_FEATURE:1cxx_decltype_auto
    Feature record: CXX_FEATURE:1cxx_decltype_incomplete_return_types
    Feature record: CXX_FEATURE:1cxx_default_function_template_args
    Feature record: CXX_FEATURE:1cxx_defaulted_functions
    Feature record: CXX_FEATURE:1cxx_defaulted_move_initializers
    Feature record: CXX_FEATURE:1cxx_delegating_constructors
    Feature record: CXX_FEATURE:1cxx_deleted_functions
    Feature record: CXX_FEATURE:1cxx_digit_separators
    Feature record: CXX_FEATURE:1cxx_enum_forward_declarations
    Feature record: CXX_FEATURE:1cxx_explicit_conversions
    Feature record: CXX_FEATURE:1cxx_extended_friend_declarations
    Feature record: CXX_FEATURE:1cxx_extern_templates
    Feature record: CXX_FEATURE:1cxx_final
    Feature record: CXX_FEATURE:1cxx_func_identifier
    Feature record: CXX_FEATURE:1cxx_generalized_initializers
    Feature record: CXX_FEATURE:1cxx_generic_lambdas
    Feature record: CXX_FEATURE:1cxx_inheriting_constructors
    Feature record: CXX_FEATURE:1cxx_inline_namespaces
    Feature record: CXX_FEATURE:1cxx_lambdas
    Feature record: CXX_FEATURE:1cxx_lambda_init_captures
    Feature record: CXX_FEATURE:1cxx_local_type_template_args
    Feature record: CXX_FEATURE:1cxx_long_long_type
    Feature record: CXX_FEATURE:1cxx_noexcept
    Feature record: CXX_FEATURE:1cxx_nonstatic_member_init
    Feature record: CXX_FEATURE:1cxx_nullptr
    Feature record: CXX_FEATURE:1cxx_override
    Feature record: CXX_FEATURE:1cxx_range_for
    Feature record: CXX_FEATURE:1cxx_raw_string_literals
    Feature record: CXX_FEATURE:1cxx_reference_qualified_functions
    Feature record: CXX_FEATURE:1cxx_relaxed_constexpr
    Feature record: CXX_FEATURE:1cxx_return_type_deduction
    Feature record: CXX_FEATURE:1cxx_right_angle_brackets
    Feature record: CXX_FEATURE:1cxx_rvalue_references
    Feature record: CXX_FEATURE:1cxx_sizeof_member
    Feature record: CXX_FEATURE:1cxx_static_assert
    Feature record: CXX_FEATURE:1cxx_strong_enums
    Feature record: CXX_FEATURE:1cxx_template_template_parameters
    Feature record: CXX_FEATURE:1cxx_thread_local
    Feature record: CXX_FEATURE:1cxx_trailing_return_types
    Feature record: CXX_FEATURE:1cxx_unicode_literals
    Feature record: CXX_FEATURE:1cxx_uniform_initialization
    Feature record: CXX_FEATURE:1cxx_unrestricted_unions
    Feature record: CXX_FEATURE:1cxx_user_literals
    Feature record: CXX_FEATURE:1cxx_variable_templates
    Feature record: CXX_FEATURE:1cxx_variadic_macros
    Feature record: CXX_FEATURE:1cxx_variadic_templates


Detecting CXX [-std=c++14] compiler features compiled with the following output:
Change Dir: /Users/benfernando/Desktop/fluid-bc/full-actual-fluid/master/increased-time-precision/CMakeFiles/CMakeTmp

Run Build Command:"/usr/bin/make" "cmTC_2f4f8/fast"
/Applications/Xcode.app/Contents/Developer/usr/bin/make -f CMakeFiles/cmTC_2f4f8.dir/build.make CMakeFiles/cmTC_2f4f8.dir/build
Building CXX object CMakeFiles/cmTC_2f4f8.dir/feature_tests.cxx.o
/Applications/Xcode.app/Contents/Developer/Toolchains/XcodeDefault.xctoolchain/usr/bin/c++    -isysroot /Applications/Xcode.app/Contents/Developer/Platforms/MacOSX.platform/Developer/SDKs/MacOSX10.14.sdk   -std=c++14 -o CMakeFiles/cmTC_2f4f8.dir/feature_tests.cxx.o -c /Users/benfernando/Desktop/fluid-bc/full-actual-fluid/master/increased-time-precision/CMakeFiles/feature_tests.cxx
Linking CXX executable cmTC_2f4f8
/usr/local/Cellar/cmake/3.8.2/bin/cmake -E cmake_link_script CMakeFiles/cmTC_2f4f8.dir/link.txt --verbose=1
/Applications/Xcode.app/Contents/Developer/Toolchains/XcodeDefault.xctoolchain/usr/bin/c++    -isysroot /Applications/Xcode.app/Contents/Developer/Platforms/MacOSX.platform/Developer/SDKs/MacOSX10.14.sdk -Wl,-search_paths_first -Wl,-headerpad_max_install_names   CMakeFiles/cmTC_2f4f8.dir/feature_tests.cxx.o  -o cmTC_2f4f8 


    Feature record: CXX_FEATURE:1cxx_aggregate_default_initializers
    Feature record: CXX_FEATURE:1cxx_alias_templates
    Feature record: CXX_FEATURE:1cxx_alignas
    Feature record: CXX_FEATURE:1cxx_alignof
    Feature record: CXX_FEATURE:1cxx_attributes
    Feature record: CXX_FEATURE:1cxx_attribute_deprecated
    Feature record: CXX_FEATURE:1cxx_auto_type
    Feature record: CXX_FEATURE:1cxx_binary_literals
    Feature record: CXX_FEATURE:1cxx_constexpr
    Feature record: CXX_FEATURE:1cxx_contextual_conversions
    Feature record: CXX_FEATURE:1cxx_decltype
    Feature record: CXX_FEATURE:1cxx_decltype_auto
    Feature record: CXX_FEATURE:1cxx_decltype_incomplete_return_types
    Feature record: CXX_FEATURE:1cxx_default_function_template_args
    Feature record: CXX_FEATURE:1cxx_defaulted_functions
    Feature record: CXX_FEATURE:1cxx_defaulted_move_initializers
    Feature record: CXX_FEATURE:1cxx_delegating_constructors
    Feature record: CXX_FEATURE:1cxx_deleted_functions
    Feature record: CXX_FEATURE:1cxx_digit_separators
    Feature record: CXX_FEATURE:1cxx_enum_forward_declarations
    Feature record: CXX_FEATURE:1cxx_explicit_conversions
    Feature record: CXX_FEATURE:1cxx_extended_friend_declarations
    Feature record: CXX_FEATURE:1cxx_extern_templates
    Feature record: CXX_FEATURE:1cxx_final
    Feature record: CXX_FEATURE:1cxx_func_identifier
    Feature record: CXX_FEATURE:1cxx_generalized_initializers
    Feature record: CXX_FEATURE:1cxx_generic_lambdas
    Feature record: CXX_FEATURE:1cxx_inheriting_constructors
    Feature record: CXX_FEATURE:1cxx_inline_namespaces
    Feature record: CXX_FEATURE:1cxx_lambdas
    Feature record: CXX_FEATURE:1cxx_lambda_init_captures
    Feature record: CXX_FEATURE:1cxx_local_type_template_args
    Feature record: CXX_FEATURE:1cxx_long_long_type
    Feature record: CXX_FEATURE:1cxx_noexcept
    Feature record: CXX_FEATURE:1cxx_nonstatic_member_init
    Feature record: CXX_FEATURE:1cxx_nullptr
    Feature record: CXX_FEATURE:1cxx_override
    Feature record: CXX_FEATURE:1cxx_range_for
    Feature record: CXX_FEATURE:1cxx_raw_string_literals
    Feature record: CXX_FEATURE:1cxx_reference_qualified_functions
    Feature record: CXX_FEATURE:1cxx_relaxed_constexpr
    Feature record: CXX_FEATURE:1cxx_return_type_deduction
    Feature record: CXX_FEATURE:1cxx_right_angle_brackets
    Feature record: CXX_FEATURE:1cxx_rvalue_references
    Feature record: CXX_FEATURE:1cxx_sizeof_member
    Feature record: CXX_FEATURE:1cxx_static_assert
    Feature record: CXX_FEATURE:1cxx_strong_enums
    Feature record: CXX_FEATURE:1cxx_template_template_parameters
    Feature record: CXX_FEATURE:1cxx_thread_local
    Feature record: CXX_FEATURE:1cxx_trailing_return_types
    Feature record: CXX_FEATURE:1cxx_unicode_literals
    Feature record: CXX_FEATURE:1cxx_uniform_initialization
    Feature record: CXX_FEATURE:1cxx_unrestricted_unions
    Feature record: CXX_FEATURE:1cxx_user_literals
    Feature record: CXX_FEATURE:1cxx_variable_templates
    Feature record: CXX_FEATURE:1cxx_variadic_macros
    Feature record: CXX_FEATURE:1cxx_variadic_templates


Detecting CXX [-std=c++11] compiler features compiled with the following output:
Change Dir: /Users/benfernando/Desktop/fluid-bc/full-actual-fluid/master/increased-time-precision/CMakeFiles/CMakeTmp

Run Build Command:"/usr/bin/make" "cmTC_f78e7/fast"
/Applications/Xcode.app/Contents/Developer/usr/bin/make -f CMakeFiles/cmTC_f78e7.dir/build.make CMakeFiles/cmTC_f78e7.dir/build
Building CXX object CMakeFiles/cmTC_f78e7.dir/feature_tests.cxx.o
/Applications/Xcode.app/Contents/Developer/Toolchains/XcodeDefault.xctoolchain/usr/bin/c++    -isysroot /Applications/Xcode.app/Contents/Developer/Platforms/MacOSX.platform/Developer/SDKs/MacOSX10.14.sdk   -std=c++11 -o CMakeFiles/cmTC_f78e7.dir/feature_tests.cxx.o -c /Users/benfernando/Desktop/fluid-bc/full-actual-fluid/master/increased-time-precision/CMakeFiles/feature_tests.cxx
Linking CXX executable cmTC_f78e7
/usr/local/Cellar/cmake/3.8.2/bin/cmake -E cmake_link_script CMakeFiles/cmTC_f78e7.dir/link.txt --verbose=1
/Applications/Xcode.app/Contents/Developer/Toolchains/XcodeDefault.xctoolchain/usr/bin/c++    -isysroot /Applications/Xcode.app/Contents/Developer/Platforms/MacOSX.platform/Developer/SDKs/MacOSX10.14.sdk -Wl,-search_paths_first -Wl,-headerpad_max_install_names   CMakeFiles/cmTC_f78e7.dir/feature_tests.cxx.o  -o cmTC_f78e7 


    Feature record: CXX_FEATURE:0cxx_aggregate_default_initializers
    Feature record: CXX_FEATURE:1cxx_alias_templates
    Feature record: CXX_FEATURE:1cxx_alignas
    Feature record: CXX_FEATURE:1cxx_alignof
    Feature record: CXX_FEATURE:1cxx_attributes
    Feature record: CXX_FEATURE:0cxx_attribute_deprecated
    Feature record: CXX_FEATURE:1cxx_auto_type
    Feature record: CXX_FEATURE:0cxx_binary_literals
    Feature record: CXX_FEATURE:1cxx_constexpr
    Feature record: CXX_FEATURE:0cxx_contextual_conversions
    Feature record: CXX_FEATURE:1cxx_decltype
    Feature record: CXX_FEATURE:0cxx_decltype_auto
    Feature record: CXX_FEATURE:1cxx_decltype_incomplete_return_types
    Feature record: CXX_FEATURE:1cxx_default_function_template_args
    Feature record: CXX_FEATURE:1cxx_defaulted_functions
    Feature record: CXX_FEATURE:1cxx_defaulted_move_initializers
    Feature record: CXX_FEATURE:1cxx_delegating_constructors
    Feature record: CXX_FEATURE:1cxx_deleted_functions
    Feature record: CXX_FEATURE:0cxx_digit_separators
    Feature record: CXX_FEATURE:1cxx_enum_forward_declarations
    Feature record: CXX_FEATURE:1cxx_explicit_conversions
    Feature record: CXX_FEATURE:1cxx_extended_friend_declarations
    Feature record: CXX_FEATURE:1cxx_extern_templates
    Feature record: CXX_FEATURE:1cxx_final
    Feature record: CXX_FEATURE:1cxx_func_identifier
    Feature record: CXX_FEATURE:1cxx_generalized_initializers
    Feature record: CXX_FEATURE:0cxx_generic_lambdas
    Feature record: CXX_FEATURE:1cxx_inheriting_constructors
    Feature record: CXX_FEATURE:1cxx_inline_namespaces
    Feature record: CXX_FEATURE:1cxx_lambdas
    Feature record: CXX_FEATURE:0cxx_lambda_init_captures
    Feature record: CXX_FEATURE:1cxx_local_type_template_args
    Feature record: CXX_FEATURE:1cxx_long_long_type
    Feature record: CXX_FEATURE:1cxx_noexcept
    Feature record: CXX_FEATURE:1cxx_nonstatic_member_init
    Feature record: CXX_FEATURE:1cxx_nullptr
    Feature record: CXX_FEATURE:1cxx_override
    Feature record: CXX_FEATURE:1cxx_range_for
    Feature record: CXX_FEATURE:1cxx_raw_string_literals
    Feature record: CXX_FEATURE:1cxx_reference_qualified_functions
    Feature record: CXX_FEATURE:0cxx_relaxed_constexpr
    Feature record: CXX_FEATURE:0cxx_return_type_deduction
    Feature record: CXX_FEATURE:1cxx_right_angle_brackets
    Feature record: CXX_FEATURE:1cxx_rvalue_references
    Feature record: CXX_FEATURE:1cxx_sizeof_member
    Feature record: CXX_FEATURE:1cxx_static_assert
    Feature record: CXX_FEATURE:1cxx_strong_enums
    Feature record: CXX_FEATURE:1cxx_template_template_parameters
    Feature record: CXX_FEATURE:1cxx_thread_local
    Feature record: CXX_FEATURE:1cxx_trailing_return_types
    Feature record: CXX_FEATURE:1cxx_unicode_literals
    Feature record: CXX_FEATURE:1cxx_uniform_initialization
    Feature record: CXX_FEATURE:1cxx_unrestricted_unions
    Feature record: CXX_FEATURE:1cxx_user_literals
    Feature record: CXX_FEATURE:0cxx_variable_templates
    Feature record: CXX_FEATURE:1cxx_variadic_macros
    Feature record: CXX_FEATURE:1cxx_variadic_templates


Detecting CXX [-std=c++98] compiler features compiled with the following output:
Change Dir: /Users/benfernando/Desktop/fluid-bc/full-actual-fluid/master/increased-time-precision/CMakeFiles/CMakeTmp

Run Build Command:"/usr/bin/make" "cmTC_1ae88/fast"
/Applications/Xcode.app/Contents/Developer/usr/bin/make -f CMakeFiles/cmTC_1ae88.dir/build.make CMakeFiles/cmTC_1ae88.dir/build
Building CXX object CMakeFiles/cmTC_1ae88.dir/feature_tests.cxx.o
/Applications/Xcode.app/Contents/Developer/Toolchains/XcodeDefault.xctoolchain/usr/bin/c++    -isysroot /Applications/Xcode.app/Contents/Developer/Platforms/MacOSX.platform/Developer/SDKs/MacOSX10.14.sdk   -std=c++98 -o CMakeFiles/cmTC_1ae88.dir/feature_tests.cxx.o -c /Users/benfernando/Desktop/fluid-bc/full-actual-fluid/master/increased-time-precision/CMakeFiles/feature_tests.cxx
Linking CXX executable cmTC_1ae88
/usr/local/Cellar/cmake/3.8.2/bin/cmake -E cmake_link_script CMakeFiles/cmTC_1ae88.dir/link.txt --verbose=1
/Applications/Xcode.app/Contents/Developer/Toolchains/XcodeDefault.xctoolchain/usr/bin/c++    -isysroot /Applications/Xcode.app/Contents/Developer/Platforms/MacOSX.platform/Developer/SDKs/MacOSX10.14.sdk -Wl,-search_paths_first -Wl,-headerpad_max_install_names   CMakeFiles/cmTC_1ae88.dir/feature_tests.cxx.o  -o cmTC_1ae88 


    Feature record: CXX_FEATURE:0cxx_aggregate_default_initializers
    Feature record: CXX_FEATURE:0cxx_alias_templates
    Feature record: CXX_FEATURE:0cxx_alignas
    Feature record: CXX_FEATURE:0cxx_alignof
    Feature record: CXX_FEATURE:0cxx_attributes
    Feature record: CXX_FEATURE:0cxx_attribute_deprecated
    Feature record: CXX_FEATURE:0cxx_auto_type
    Feature record: CXX_FEATURE:0cxx_binary_literals
    Feature record: CXX_FEATURE:0cxx_constexpr
    Feature record: CXX_FEATURE:0cxx_contextual_conversions
    Feature record: CXX_FEATURE:0cxx_decltype
    Feature record: CXX_FEATURE:0cxx_decltype_auto
    Feature record: CXX_FEATURE:0cxx_decltype_incomplete_return_types
    Feature record: CXX_FEATURE:0cxx_default_function_template_args
    Feature record: CXX_FEATURE:0cxx_defaulted_functions
    Feature record: CXX_FEATURE:0cxx_defaulted_move_initializers
    Feature record: CXX_FEATURE:0cxx_delegating_constructors
    Feature record: CXX_FEATURE:0cxx_deleted_functions
    Feature record: CXX_FEATURE:0cxx_digit_separators
    Feature record: CXX_FEATURE:0cxx_enum_forward_declarations
    Feature record: CXX_FEATURE:0cxx_explicit_conversions
    Feature record: CXX_FEATURE:0cxx_extended_friend_declarations
    Feature record: CXX_FEATURE:0cxx_extern_templates
    Feature record: CXX_FEATURE:0cxx_final
    Feature record: CXX_FEATURE:0cxx_func_identifier
    Feature record: CXX_FEATURE:0cxx_generalized_initializers
    Feature record: CXX_FEATURE:0cxx_generic_lambdas
    Feature record: CXX_FEATURE:0cxx_inheriting_constructors
    Feature record: CXX_FEATURE:0cxx_inline_namespaces
    Feature record: CXX_FEATURE:0cxx_lambdas
    Feature record: CXX_FEATURE:0cxx_lambda_init_captures
    Feature record: CXX_FEATURE:0cxx_local_type_template_args
    Feature record: CXX_FEATURE:0cxx_long_long_type
    Feature record: CXX_FEATURE:0cxx_noexcept
    Feature record: CXX_FEATURE:0cxx_nonstatic_member_init
    Feature record: CXX_FEATURE:0cxx_nullptr
    Feature record: CXX_FEATURE:0cxx_override
    Feature record: CXX_FEATURE:0cxx_range_for
    Feature record: CXX_FEATURE:0cxx_raw_string_literals
    Feature record: CXX_FEATURE:0cxx_reference_qualified_functions
    Feature record: CXX_FEATURE:0cxx_relaxed_constexpr
    Feature record: CXX_FEATURE:0cxx_return_type_deduction
    Feature record: CXX_FEATURE:0cxx_right_angle_brackets
    Feature record: CXX_FEATURE:0cxx_rvalue_references
    Feature record: CXX_FEATURE:0cxx_sizeof_member
    Feature record: CXX_FEATURE:0cxx_static_assert
    Feature record: CXX_FEATURE:0cxx_strong_enums
    Feature record: CXX_FEATURE:1cxx_template_template_parameters
    Feature record: CXX_FEATURE:0cxx_thread_local
    Feature record: CXX_FEATURE:0cxx_trailing_return_types
    Feature record: CXX_FEATURE:0cxx_unicode_literals
    Feature record: CXX_FEATURE:0cxx_uniform_initialization
    Feature record: CXX_FEATURE:0cxx_unrestricted_unions
    Feature record: CXX_FEATURE:0cxx_user_literals
    Feature record: CXX_FEATURE:0cxx_variable_templates
    Feature record: CXX_FEATURE:0cxx_variadic_macros
    Feature record: CXX_FEATURE:0cxx_variadic_templates
Compiling the Fortran compiler identification source file "CMakeFortranCompilerId.F" succeeded.
Compiler: /Applications/mesasdk/bin/gfortran 
Build flags: 
Id flags: -v 

The output was:
0
Driving: /Applications/mesasdk/bin/gfortran.exec -ffpe-summary=none -isysroot / -isystem /Applications/mesasdk/include -v CMakeFortranCompilerId.F -mmacosx-version-min=10.14.2 -asm_macosx_version_min=10.14 -l gfortran -shared-libgcc
Using built-in specs.
COLLECT_GCC=/Applications/mesasdk/bin/gfortran.exec
COLLECT_LTO_WRAPPER=/Applications/mesasdk/libexec/gcc/x86_64-apple-darwin17.3.0/7.2.0/lto-wrapper
Target: x86_64-apple-darwin17.3.0
Configured with: /Users/townsend/devel/mesasdk-src/gcc/configure CC='gcc -D_FORTIFY_SOURCE=0' --build=x86_64-apple-darwin17.3.0 --prefix=/Applications/mesasdk --with-gmp=/Applications/mesasdk --with-mpfr=/Applications/mesasdk --with-mpc=/Applications/mesasdk --enable-languages=c,c++,fortran --disable-multilib --disable-nls --disable-libsanitizer
Thread model: posix
gcc version 7.2.0 (GCC) 
COLLECT_GCC_OPTIONS='-ffpe-summary=none' '-isysroot' '/' '-isystem' '/Applications/mesasdk/include' '-v' '-mmacosx-version-min=10.14.2' '-asm_macosx_version_min=10.14' '-shared-libgcc' '-mtune=core2'
 /Applications/mesasdk/libexec/gcc/x86_64-apple-darwin17.3.0/7.2.0/f951 CMakeFortranCompilerId.F -ffixed-form -cpp=/var/folders/7k/6k523tk94ygffb9z844kcznw0000gn/T//ccCbLpts.f90 -quiet -v -D__DYNAMIC__ -isysroot / -isystem /Applications/mesasdk/include CMakeFortranCompilerId.F -fPIC -quiet -dumpbase CMakeFortranCompilerId.F -mmacosx-version-min=10.14.2 -mtune=core2 -auxbase CMakeFortranCompilerId -version -ffpe-summary=none -fintrinsic-modules-path /Applications/mesasdk/lib/gcc/x86_64-apple-darwin17.3.0/7.2.0/finclude -o /var/folders/7k/6k523tk94ygffb9z844kcznw0000gn/T//ccM3RdCt.s
GNU Fortran (GCC) version 7.2.0 (x86_64-apple-darwin17.3.0)
	compiled by GNU C version 7.2.0, GMP version 6.1.2, MPFR version 3.1.6, MPC version 1.0.3, isl version none
GGC heuristics: --param ggc-min-expand=100 --param ggc-min-heapsize=131072
ignoring nonexistent directory "/Applications/mesasdk/lib/gcc/x86_64-apple-darwin17.3.0/7.2.0/../../../../x86_64-apple-darwin17.3.0/include"
ignoring nonexistent directory "/usr/include"
ignoring duplicate directory "/Applications/mesasdk/include"
  as it is a non-system directory that duplicates a system directory
#include "..." search starts here:
#include <...> search starts here:
 /Applications/mesasdk/lib/gcc/x86_64-apple-darwin17.3.0/7.2.0/finclude
 /Applications/mesasdk/lib/gcc/x86_64-apple-darwin17.3.0/7.2.0/include
 /usr/local/include
 /Applications/mesasdk/include
 /Applications/mesasdk/lib/gcc/x86_64-apple-darwin17.3.0/7.2.0/include-fixed
End of search list.
GNU Fortran2008 (GCC) version 7.2.0 (x86_64-apple-darwin17.3.0)
	compiled by GNU C version 7.2.0, GMP version 6.1.2, MPFR version 3.1.6, MPC version 1.0.3, isl version none
GGC heuristics: --param ggc-min-expand=100 --param ggc-min-heapsize=131072
COLLECT_GCC_OPTIONS='-ffpe-summary=none' '-isysroot' '/' '-isystem' '/Applications/mesasdk/include' '-v' '-mmacosx-version-min=10.14.2'  '-shared-libgcc' '-mtune=core2'
 as -arch x86_64 -v -force_cpusubtype_ALL -mmacosx-version-min=10.14 -o /var/folders/7k/6k523tk94ygffb9z844kcznw0000gn/T//ccybvEew.o /var/folders/7k/6k523tk94ygffb9z844kcznw0000gn/T//ccM3RdCt.s
Apple LLVM version 10.0.0 (clang-1000.11.45.5)
Target: x86_64-apple-darwin18.2.0
Thread model: posix
InstalledDir: /Applications/Xcode.app/Contents/Developer/Toolchains/XcodeDefault.xctoolchain/usr/bin
 "/Applications/Xcode.app/Contents/Developer/Toolchains/XcodeDefault.xctoolchain/usr/bin/clang" -cc1as -triple x86_64-apple-macosx10.14.0 -filetype obj -main-file-name ccM3RdCt.s -target-cpu penryn -fdebug-compilation-dir /Users/benfernando/Desktop/fluid-bc/full-actual-fluid/master/increased-time-precision/CMakeFiles/3.8.2/CompilerIdFortran -dwarf-debug-producer Apple LLVM version 10.0.0 (clang-1000.11.45.5) -dwarf-version=4 -mrelocation-model pic -o /var/folders/7k/6k523tk94ygffb9z844kcznw0000gn/T//ccybvEew.o /var/folders/7k/6k523tk94ygffb9z844kcznw0000gn/T//ccM3RdCt.s
Reading specs from /Applications/mesasdk/lib/gcc/x86_64-apple-darwin17.3.0/7.2.0/../../../libgfortran.spec
rename spec lib to liborig
COLLECT_GCC_OPTIONS='-ffpe-summary=none' '-isysroot' '/' '-isystem' '/Applications/mesasdk/include' '-v' '-mmacosx-version-min=10.14.2'  '-shared-libgcc' '-mtune=core2'
COMPILER_PATH=/Applications/mesasdk/libexec/gcc/x86_64-apple-darwin17.3.0/7.2.0/:/Applications/mesasdk/libexec/gcc/x86_64-apple-darwin17.3.0/7.2.0/:/Applications/mesasdk/libexec/gcc/x86_64-apple-darwin17.3.0/:/Applications/mesasdk/lib/gcc/x86_64-apple-darwin17.3.0/7.2.0/:/Applications/mesasdk/lib/gcc/x86_64-apple-darwin17.3.0/
LIBRARY_PATH=/Applications/mesasdk/lib/gcc/x86_64-apple-darwin17.3.0/7.2.0/:/Applications/mesasdk/lib/gcc/x86_64-apple-darwin17.3.0/7.2.0/../../../
COLLECT_GCC_OPTIONS='-ffpe-summary=none' '-isysroot' '/' '-isystem' '/Applications/mesasdk/include' '-v' '-mmacosx-version-min=10.14.2'  '-shared-libgcc' '-mtune=core2'
 /Applications/mesasdk/libexec/gcc/x86_64-apple-darwin17.3.0/7.2.0/collect2 -dynamic -arch x86_64 -macosx_version_min 10.14.2 -syslibroot / -weak_reference_mismatches non-weak -o a.out -L/Applications/mesasdk/lib/gcc/x86_64-apple-darwin17.3.0/7.2.0 -L/Applications/mesasdk/lib/gcc/x86_64-apple-darwin17.3.0/7.2.0/../../.. /var/folders/7k/6k523tk94ygffb9z844kcznw0000gn/T//ccybvEew.o -lgfortran -no_compact_unwind -lSystem -lgcc_ext.10.5 -lgcc -lquadmath -lm -lgcc_ext.10.5 -lgcc -lSystem -v
collect2 version 7.2.0
/usr/bin/ld -dynamic -arch x86_64 -macosx_version_min 10.14.2 -syslibroot / -weak_reference_mismatches non-weak -o a.out -L/Applications/mesasdk/lib/gcc/x86_64-apple-darwin17.3.0/7.2.0 -L/Applications/mesasdk/lib/gcc/x86_64-apple-darwin17.3.0/7.2.0/../../.. /var/folders/7k/6k523tk94ygffb9z844kcznw0000gn/T//ccybvEew.o -lgfortran -no_compact_unwind -lSystem -lgcc_ext.10.5 -lgcc -lquadmath -lm -lgcc_ext.10.5 -lgcc -lSystem -v
@(#)PROGRAM:ld  PROJECT:ld64-409.12
BUILD 17:47:51 Sep 25 2018
configured to support archs: armv6 armv7 armv7s arm64 i386 x86_64 x86_64h armv6m armv7k armv7m armv7em arm64e arm64_32
Library search paths:
	/Applications/mesasdk/lib/gcc/x86_64-apple-darwin17.3.0/7.2.0
	/Applications/mesasdk/lib
	/usr/lib
	/usr/local/lib
Framework search paths:
	/Library/Frameworks/
	/System/Library/Frameworks/
 /usr/bin/nm -n /var/folders/7k/6k523tk94ygffb9z844kcznw0000gn/T//ccybvEew.o


Compilation of the Fortran compiler identification source "CMakeFortranCompilerId.F" produced "a.out"

The Fortran compiler identification is GNU, found in "/Users/benfernando/Desktop/fluid-bc/full-actual-fluid/master/increased-time-precision/CMakeFiles/3.8.2/CompilerIdFortran/a.out"

Determining if the Fortran compiler works passed with the following output:
Change Dir: /Users/benfernando/Desktop/fluid-bc/full-actual-fluid/master/increased-time-precision/CMakeFiles/CMakeTmp

Run Build Command:"/usr/bin/make" "cmTC_472c4/fast"
/Applications/Xcode.app/Contents/Developer/usr/bin/make -f CMakeFiles/cmTC_472c4.dir/build.make CMakeFiles/cmTC_472c4.dir/build
Building Fortran object CMakeFiles/cmTC_472c4.dir/testFortranCompiler.f.o
/Applications/mesasdk/bin/gfortran   -isysroot /Applications/Xcode.app/Contents/Developer/Platforms/MacOSX.platform/Developer/SDKs/MacOSX10.14.sdk   -c /Users/benfernando/Desktop/fluid-bc/full-actual-fluid/master/increased-time-precision/CMakeFiles/CMakeTmp/testFortranCompiler.f -o CMakeFiles/cmTC_472c4.dir/testFortranCompiler.f.o
Linking Fortran executable cmTC_472c4
/usr/local/Cellar/cmake/3.8.2/bin/cmake -E cmake_link_script CMakeFiles/cmTC_472c4.dir/link.txt --verbose=1
/Applications/mesasdk/bin/gfortran      -isysroot /Applications/Xcode.app/Contents/Developer/Platforms/MacOSX.platform/Developer/SDKs/MacOSX10.14.sdk CMakeFiles/cmTC_472c4.dir/testFortranCompiler.f.o  -o cmTC_472c4 


Detecting Fortran compiler ABI info compiled with the following output:
Change Dir: /Users/benfernando/Desktop/fluid-bc/full-actual-fluid/master/increased-time-precision/CMakeFiles/CMakeTmp

Run Build Command:"/usr/bin/make" "cmTC_c6255/fast"
/Applications/Xcode.app/Contents/Developer/usr/bin/make -f CMakeFiles/cmTC_c6255.dir/build.make CMakeFiles/cmTC_c6255.dir/build
Building Fortran object CMakeFiles/cmTC_c6255.dir/CMakeFortranCompilerABI.F.o
/Applications/mesasdk/bin/gfortran   -isysroot /Applications/Xcode.app/Contents/Developer/Platforms/MacOSX.platform/Developer/SDKs/MacOSX10.14.sdk   -c /usr/local/Cellar/cmake/3.8.2/share/cmake/Modules/CMakeFortranCompilerABI.F -o CMakeFiles/cmTC_c6255.dir/CMakeFortranCompilerABI.F.o
Linking Fortran executable cmTC_c6255
/usr/local/Cellar/cmake/3.8.2/bin/cmake -E cmake_link_script CMakeFiles/cmTC_c6255.dir/link.txt --verbose=1
/Applications/mesasdk/bin/gfortran   -v -Wl,-v   -isysroot /Applications/Xcode.app/Contents/Developer/Platforms/MacOSX.platform/Developer/SDKs/MacOSX10.14.sdk CMakeFiles/cmTC_c6255.dir/CMakeFortranCompilerABI.F.o  -o cmTC_c6255 
Driving: /Applications/mesasdk/bin/gfortran.exec -ffpe-summary=none -isysroot / -isystem /Applications/mesasdk/include -v -Wl,-v -isysroot /Applications/Xcode.app/Contents/Developer/Platforms/MacOSX.platform/Developer/SDKs/MacOSX10.14.sdk CMakeFiles/cmTC_c6255.dir/CMakeFortranCompilerABI.F.o -o cmTC_c6255 -mmacosx-version-min=10.14.2 -asm_macosx_version_min=10.14 -l gfortran -shared-libgcc
Using built-in specs.
COLLECT_GCC=/Applications/mesasdk/bin/gfortran.exec
COLLECT_LTO_WRAPPER=/Applications/mesasdk/libexec/gcc/x86_64-apple-darwin17.3.0/7.2.0/lto-wrapper
Target: x86_64-apple-darwin17.3.0
Configured with: /Users/townsend/devel/mesasdk-src/gcc/configure CC='gcc -D_FORTIFY_SOURCE=0' --build=x86_64-apple-darwin17.3.0 --prefix=/Applications/mesasdk --with-gmp=/Applications/mesasdk --with-mpfr=/Applications/mesasdk --with-mpc=/Applications/mesasdk --enable-languages=c,c++,fortran --disable-multilib --disable-nls --disable-libsanitizer
Thread model: posix
gcc version 7.2.0 (GCC) 
Reading specs from /Applications/mesasdk/lib/gcc/x86_64-apple-darwin17.3.0/7.2.0/../../../libgfortran.spec
rename spec lib to liborig
COLLECT_GCC_OPTIONS='-ffpe-summary=none' '-isysroot' '/' '-isystem' '/Applications/mesasdk/include' '-v' '-isysroot' '/Applications/Xcode.app/Contents/Developer/Platforms/MacOSX.platform/Developer/SDKs/MacOSX10.14.sdk' '-o' 'cmTC_c6255' '-mmacosx-version-min=10.14.2' '-asm_macosx_version_min=10.14' '-shared-libgcc' '-mtune=core2'
COMPILER_PATH=/Applications/mesasdk/libexec/gcc/x86_64-apple-darwin17.3.0/7.2.0/:/Applications/mesasdk/libexec/gcc/x86_64-apple-darwin17.3.0/7.2.0/:/Applications/mesasdk/libexec/gcc/x86_64-apple-darwin17.3.0/:/Applications/mesasdk/lib/gcc/x86_64-apple-darwin17.3.0/7.2.0/:/Applications/mesasdk/lib/gcc/x86_64-apple-darwin17.3.0/
LIBRARY_PATH=/Applications/mesasdk/lib/gcc/x86_64-apple-darwin17.3.0/7.2.0/:/Applications/mesasdk/lib/gcc/x86_64-apple-darwin17.3.0/7.2.0/../../../
COLLECT_GCC_OPTIONS='-ffpe-summary=none' '-isysroot' '/' '-isystem' '/Applications/mesasdk/include' '-v' '-isysroot' '/Applications/Xcode.app/Contents/Developer/Platforms/MacOSX.platform/Developer/SDKs/MacOSX10.14.sdk' '-o' 'cmTC_c6255' '-mmacosx-version-min=10.14.2' '-asm_macosx_version_min=10.14' '-shared-libgcc' '-mtune=core2'
 /Applications/mesasdk/libexec/gcc/x86_64-apple-darwin17.3.0/7.2.0/collect2 -dynamic -arch x86_64 -macosx_version_min 10.14.2 -syslibroot / -syslibroot /Applications/Xcode.app/Contents/Developer/Platforms/MacOSX.platform/Developer/SDKs/MacOSX10.14.sdk -weak_reference_mismatches non-weak -o cmTC_c6255 -L/Applications/mesasdk/lib/gcc/x86_64-apple-darwin17.3.0/7.2.0 -L/Applications/mesasdk/lib/gcc/x86_64-apple-darwin17.3.0/7.2.0/../../.. -v CMakeFiles/cmTC_c6255.dir/CMakeFortranCompilerABI.F.o -lgfortran -no_compact_unwind -lSystem -lgcc_ext.10.5 -lgcc -lquadmath -lm -lgcc_ext.10.5 -lgcc -lSystem -v
collect2 version 7.2.0
/usr/bin/ld -dynamic -arch x86_64 -macosx_version_min 10.14.2 -syslibroot / -syslibroot /Applications/Xcode.app/Contents/Developer/Platforms/MacOSX.platform/Developer/SDKs/MacOSX10.14.sdk -weak_reference_mismatches non-weak -o cmTC_c6255 -L/Applications/mesasdk/lib/gcc/x86_64-apple-darwin17.3.0/7.2.0 -L/Applications/mesasdk/lib/gcc/x86_64-apple-darwin17.3.0/7.2.0/../../.. -v CMakeFiles/cmTC_c6255.dir/CMakeFortranCompilerABI.F.o -lgfortran -no_compact_unwind -lSystem -lgcc_ext.10.5 -lgcc -lquadmath -lm -lgcc_ext.10.5 -lgcc -lSystem -v
@(#)PROGRAM:ld  PROJECT:ld64-409.12
BUILD 17:47:51 Sep 25 2018
configured to support archs: armv6 armv7 armv7s arm64 i386 x86_64 x86_64h armv6m armv7k armv7m armv7em arm64e arm64_32
@(#)PROGRAM:ld  PROJECT:ld64-409.12
BUILD 17:47:51 Sep 25 2018
configured to support archs: armv6 armv7 armv7s arm64 i386 x86_64 x86_64h armv6m armv7k armv7m armv7em arm64e arm64_32
Library search paths:
	/Applications/mesasdk/lib/gcc/x86_64-apple-darwin17.3.0/7.2.0
	/Applications/mesasdk/lib
	/usr/lib
	/Applications/Xcode.app/Contents/Developer/Platforms/MacOSX.platform/Developer/SDKs/MacOSX10.14.sdk/usr/lib
	/usr/local/lib
Framework search paths:
	/Library/Frameworks/
	/System/Library/Frameworks/
	/Applications/Xcode.app/Contents/Developer/Platforms/MacOSX.platform/Developer/SDKs/MacOSX10.14.sdk/System/Library/Frameworks/
 /usr/bin/nm -n CMakeFiles/cmTC_c6255.dir/CMakeFortranCompilerABI.F.o


Parsed Fortran implicit link information from above output:
  link line regex: [^( *|.*[/\])(ld|([^/\]+-)?ld|collect2)[^/\]*( |$)]
  ignore line: [Change Dir: /Users/benfernando/Desktop/fluid-bc/full-actual-fluid/master/increased-time-precision/CMakeFiles/CMakeTmp]
  ignore line: []
  ignore line: [Run Build Command:"/usr/bin/make" "cmTC_c6255/fast"]
  ignore line: [/Applications/Xcode.app/Contents/Developer/usr/bin/make -f CMakeFiles/cmTC_c6255.dir/build.make CMakeFiles/cmTC_c6255.dir/build]
  ignore line: [Building Fortran object CMakeFiles/cmTC_c6255.dir/CMakeFortranCompilerABI.F.o]
  ignore line: [/Applications/mesasdk/bin/gfortran   -isysroot /Applications/Xcode.app/Contents/Developer/Platforms/MacOSX.platform/Developer/SDKs/MacOSX10.14.sdk   -c /usr/local/Cellar/cmake/3.8.2/share/cmake/Modules/CMakeFortranCompilerABI.F -o CMakeFiles/cmTC_c6255.dir/CMakeFortranCompilerABI.F.o]
  ignore line: [Linking Fortran executable cmTC_c6255]
  ignore line: [/usr/local/Cellar/cmake/3.8.2/bin/cmake -E cmake_link_script CMakeFiles/cmTC_c6255.dir/link.txt --verbose=1]
  ignore line: [/Applications/mesasdk/bin/gfortran   -v -Wl,-v   -isysroot /Applications/Xcode.app/Contents/Developer/Platforms/MacOSX.platform/Developer/SDKs/MacOSX10.14.sdk CMakeFiles/cmTC_c6255.dir/CMakeFortranCompilerABI.F.o  -o cmTC_c6255 ]
  ignore line: [Driving: /Applications/mesasdk/bin/gfortran.exec -ffpe-summary=none -isysroot / -isystem /Applications/mesasdk/include -v -Wl,-v -isysroot /Applications/Xcode.app/Contents/Developer/Platforms/MacOSX.platform/Developer/SDKs/MacOSX10.14.sdk CMakeFiles/cmTC_c6255.dir/CMakeFortranCompilerABI.F.o -o cmTC_c6255 -mmacosx-version-min=10.14.2 -asm_macosx_version_min=10.14 -l gfortran -shared-libgcc]
  ignore line: [Using built-in specs.]
  ignore line: [COLLECT_GCC=/Applications/mesasdk/bin/gfortran.exec]
  ignore line: [COLLECT_LTO_WRAPPER=/Applications/mesasdk/libexec/gcc/x86_64-apple-darwin17.3.0/7.2.0/lto-wrapper]
  ignore line: [Target: x86_64-apple-darwin17.3.0]
  ignore line: [Configured with: /Users/townsend/devel/mesasdk-src/gcc/configure CC='gcc -D_FORTIFY_SOURCE=0' --build=x86_64-apple-darwin17.3.0 --prefix=/Applications/mesasdk --with-gmp=/Applications/mesasdk --with-mpfr=/Applications/mesasdk --with-mpc=/Applications/mesasdk --enable-languages=c,c++,fortran --disable-multilib --disable-nls --disable-libsanitizer]
  ignore line: [Thread model: posix]
  ignore line: [gcc version 7.2.0 (GCC) ]
  ignore line: [Reading specs from /Applications/mesasdk/lib/gcc/x86_64-apple-darwin17.3.0/7.2.0/../../../libgfortran.spec]
  ignore line: [rename spec lib to liborig]
  ignore line: [COLLECT_GCC_OPTIONS='-ffpe-summary=none' '-isysroot' '/' '-isystem' '/Applications/mesasdk/include' '-v' '-isysroot' '/Applications/Xcode.app/Contents/Developer/Platforms/MacOSX.platform/Developer/SDKs/MacOSX10.14.sdk' '-o' 'cmTC_c6255' '-mmacosx-version-min=10.14.2' '-asm_macosx_version_min=10.14' '-shared-libgcc' '-mtune=core2']
  ignore line: [COMPILER_PATH=/Applications/mesasdk/libexec/gcc/x86_64-apple-darwin17.3.0/7.2.0/:/Applications/mesasdk/libexec/gcc/x86_64-apple-darwin17.3.0/7.2.0/:/Applications/mesasdk/libexec/gcc/x86_64-apple-darwin17.3.0/:/Applications/mesasdk/lib/gcc/x86_64-apple-darwin17.3.0/7.2.0/:/Applications/mesasdk/lib/gcc/x86_64-apple-darwin17.3.0/]
  ignore line: [LIBRARY_PATH=/Applications/mesasdk/lib/gcc/x86_64-apple-darwin17.3.0/7.2.0/:/Applications/mesasdk/lib/gcc/x86_64-apple-darwin17.3.0/7.2.0/../../../]
  ignore line: [COLLECT_GCC_OPTIONS='-ffpe-summary=none' '-isysroot' '/' '-isystem' '/Applications/mesasdk/include' '-v' '-isysroot' '/Applications/Xcode.app/Contents/Developer/Platforms/MacOSX.platform/Developer/SDKs/MacOSX10.14.sdk' '-o' 'cmTC_c6255' '-mmacosx-version-min=10.14.2' '-asm_macosx_version_min=10.14' '-shared-libgcc' '-mtune=core2']
  link line: [ /Applications/mesasdk/libexec/gcc/x86_64-apple-darwin17.3.0/7.2.0/collect2 -dynamic -arch x86_64 -macosx_version_min 10.14.2 -syslibroot / -syslibroot /Applications/Xcode.app/Contents/Developer/Platforms/MacOSX.platform/Developer/SDKs/MacOSX10.14.sdk -weak_reference_mismatches non-weak -o cmTC_c6255 -L/Applications/mesasdk/lib/gcc/x86_64-apple-darwin17.3.0/7.2.0 -L/Applications/mesasdk/lib/gcc/x86_64-apple-darwin17.3.0/7.2.0/../../.. -v CMakeFiles/cmTC_c6255.dir/CMakeFortranCompilerABI.F.o -lgfortran -no_compact_unwind -lSystem -lgcc_ext.10.5 -lgcc -lquadmath -lm -lgcc_ext.10.5 -lgcc -lSystem -v]
    arg [/Applications/mesasdk/libexec/gcc/x86_64-apple-darwin17.3.0/7.2.0/collect2] ==> ignore
    arg [-dynamic] ==> ignore
    arg [-arch] ==> ignore
    arg [x86_64] ==> ignore
    arg [-macosx_version_min] ==> ignore
    arg [10.14.2] ==> ignore
    arg [-syslibroot] ==> ignore
    arg [/] ==> ignore
    arg [-syslibroot] ==> ignore
    arg [/Applications/Xcode.app/Contents/Developer/Platforms/MacOSX.platform/Developer/SDKs/MacOSX10.14.sdk] ==> ignore
    arg [-weak_reference_mismatches] ==> ignore
    arg [non-weak] ==> ignore
    arg [-o] ==> ignore
    arg [cmTC_c6255] ==> ignore
    arg [-L/Applications/mesasdk/lib/gcc/x86_64-apple-darwin17.3.0/7.2.0] ==> dir [/Applications/mesasdk/lib/gcc/x86_64-apple-darwin17.3.0/7.2.0]
    arg [-L/Applications/mesasdk/lib/gcc/x86_64-apple-darwin17.3.0/7.2.0/../../..] ==> dir [/Applications/mesasdk/lib/gcc/x86_64-apple-darwin17.3.0/7.2.0/../../..]
    arg [-v] ==> ignore
    arg [CMakeFiles/cmTC_c6255.dir/CMakeFortranCompilerABI.F.o] ==> ignore
    arg [-lgfortran] ==> lib [gfortran]
    arg [-no_compact_unwind] ==> ignore
    arg [-lSystem] ==> lib [System]
    arg [-lgcc_ext.10.5] ==> lib [gcc_ext.10.5]
    arg [-lgcc] ==> lib [gcc]
    arg [-lquadmath] ==> lib [quadmath]
    arg [-lm] ==> lib [m]
    arg [-lgcc_ext.10.5] ==> lib [gcc_ext.10.5]
    arg [-lgcc] ==> lib [gcc]
    arg [-lSystem] ==> lib [System]
    arg [-v] ==> ignore
  Library search paths: [;/Applications/mesasdk/lib/gcc/x86_64-apple-darwin17.3.0/7.2.0;/Applications/mesasdk/lib;/usr/lib;/Applications/Xcode.app/Contents/Developer/Platforms/MacOSX.platform/Developer/SDKs/MacOSX10.14.sdk/usr/lib;/usr/local/lib]
  Framework search paths: [;/Library/Frameworks/;/System/Library/Frameworks/;/Applications/Xcode.app/Contents/Developer/Platforms/MacOSX.platform/Developer/SDKs/MacOSX10.14.sdk/System/Library/Frameworks/]
  remove lib [System]
  remove lib [gcc_ext.10.5]
  remove lib [gcc]
  remove lib [gcc_ext.10.5]
  remove lib [gcc]
  remove lib [System]
  collapse library dir [/Applications/mesasdk/lib/gcc/x86_64-apple-darwin17.3.0/7.2.0] ==> [/Applications/mesasdk/lib/gcc/x86_64-apple-darwin17.3.0/7.2.0]
  collapse library dir [/Applications/mesasdk/lib/gcc/x86_64-apple-darwin17.3.0/7.2.0/../../..] ==> [/Applications/mesasdk/lib]
  collapse library dir [/Applications/mesasdk/lib/gcc/x86_64-apple-darwin17.3.0/7.2.0] ==> [/Applications/mesasdk/lib/gcc/x86_64-apple-darwin17.3.0/7.2.0]
  collapse library dir [/Applications/mesasdk/lib] ==> [/Applications/mesasdk/lib]
  collapse library dir [/usr/lib] ==> [/usr/lib]
  collapse library dir [/Applications/Xcode.app/Contents/Developer/Platforms/MacOSX.platform/Developer/SDKs/MacOSX10.14.sdk/usr/lib] ==> [/Applications/Xcode.app/Contents/Developer/Platforms/MacOSX.platform/Developer/SDKs/MacOSX10.14.sdk/usr/lib]
  collapse library dir [/usr/local/lib] ==> [/usr/local/lib]
  collapse framework dir [/Library/Frameworks/] ==> [/Library/Frameworks]
  collapse framework dir [/System/Library/Frameworks/] ==> [/System/Library/Frameworks]
  collapse framework dir [/Applications/Xcode.app/Contents/Developer/Platforms/MacOSX.platform/Developer/SDKs/MacOSX10.14.sdk/System/Library/Frameworks/] ==> [/Applications/Xcode.app/Contents/Developer/Platforms/MacOSX.platform/Developer/SDKs/MacOSX10.14.sdk/System/Library/Frameworks]
  implicit libs: [gfortran;quadmath;m]
  implicit dirs: [/Applications/mesasdk/lib/gcc/x86_64-apple-darwin17.3.0/7.2.0;/Applications/mesasdk/lib;/usr/lib;/Applications/Xcode.app/Contents/Developer/Platforms/MacOSX.platform/Developer/SDKs/MacOSX10.14.sdk/usr/lib;/usr/local/lib]
  implicit fwks: [/Library/Frameworks;/System/Library/Frameworks;/Applications/Xcode.app/Contents/Developer/Platforms/MacOSX.platform/Developer/SDKs/MacOSX10.14.sdk/System/Library/Frameworks]


Determining if the Fortran compiler supports Fortran 90 passed with the following output:
Change Dir: /Users/benfernando/Desktop/fluid-bc/full-actual-fluid/master/increased-time-precision/CMakeFiles/CMakeTmp

Run Build Command:"/usr/bin/make" "cmTC_285d9/fast"
/Applications/Xcode.app/Contents/Developer/usr/bin/make -f CMakeFiles/cmTC_285d9.dir/build.make CMakeFiles/cmTC_285d9.dir/build
Building Fortran object CMakeFiles/cmTC_285d9.dir/testFortranCompilerF90.f90.o
/Applications/mesasdk/bin/gfortran   -isysroot /Applications/Xcode.app/Contents/Developer/Platforms/MacOSX.platform/Developer/SDKs/MacOSX10.14.sdk   -c /Users/benfernando/Desktop/fluid-bc/full-actual-fluid/master/increased-time-precision/CMakeFiles/CMakeTmp/testFortranCompilerF90.f90 -o CMakeFiles/cmTC_285d9.dir/testFortranCompilerF90.f90.o
Linking Fortran executable cmTC_285d9
/usr/local/Cellar/cmake/3.8.2/bin/cmake -E cmake_link_script CMakeFiles/cmTC_285d9.dir/link.txt --verbose=1
/Applications/mesasdk/bin/gfortran      -isysroot /Applications/Xcode.app/Contents/Developer/Platforms/MacOSX.platform/Developer/SDKs/MacOSX10.14.sdk CMakeFiles/cmTC_285d9.dir/testFortranCompilerF90.f90.o  -o cmTC_285d9 


